<?xml version="1.0" encoding="UTF-8"?>
<!-- Generated by org.testng.reporters.JUnitReportReporter -->
<testsuite hostname="DESKTOP-VUPSQ68" failures="0" tests="5" name="requirement1.CarLoanCalculator" time="20.108" errors="0" timestamp="04 Mar 2021 07:18:00 GMT" skipped="0">
  <testcase classname="requirement1.CarLoanCalculator" name="createWebDriver" time="8.220"/>
  <testcase classname="requirement1.CarLoanCalculator" name="navigateUrl" time="6.071"/>
  <testcase classname="requirement1.CarLoanCalculator" name="enterData" time="3.824"/>
  <testcase classname="requirement1.CarLoanCalculator" name="retriveOutput" time="0.154"/>
  <testcase classname="requirement1.CarLoanCalculator" name="closeDriver" time="1.839"/>
</testsuite> <!-- requirement1.CarLoanCalculator -->
